0 info it worked if it ends with ok
1 verbose cli [ 'D:\\nodejs\\node.exe',
1 verbose cli   'D:\\nodejs\\node_modules\\npm\\bin\\npm-cli.js',
1 verbose cli   'run',
1 verbose cli   'dev' ]
2 info using npm@3.6.0
3 info using node@v5.7.0
4 verbose run-script [ 'predev', 'dev', 'postdev' ]
5 info lifecycle vue-PoemAndTravel@1.0.0~predev: vue-PoemAndTravel@1.0.0
6 silly lifecycle vue-PoemAndTravel@1.0.0~predev: no script for predev, continuing
7 info lifecycle vue-PoemAndTravel@1.0.0~dev: vue-PoemAndTravel@1.0.0
8 verbose lifecycle vue-PoemAndTravel@1.0.0~dev: unsafe-perm in lifecycle true
9 verbose lifecycle vue-PoemAndTravel@1.0.0~dev: PATH: D:\nodejs\node_modules\npm\bin\node-gyp-bin;E:\诗画旅游\poemByVue1x\node_modules\.bin;D:\AppCanStudioPersonalV3.1\HDK\emulator\mas\;C:\Program Files (x86)\Common Files\NetSarang;C:\Windows\system32;C:\Windows;C:\Windows\System32\Wbem;C:\Windows\System32\WindowsPowerShell\v1.0\;C:\Program Files\Lenovo\Bluetooth Software\;C:\Program Files\Lenovo\Bluetooth Software\syswow64;C:\Program Files (x86)\ATI Technologies\ATI.ACE\Core-Static;C:\Program Files\Intel;D:\java-jdk\bin\;\WiFi\bin\;C:\Program Files\Common Files\Intel\WirelessCommon\;D:\java-jdk\bin;D:\eclipseForAndroid\sdk;D:\eclipseForAndroid\sdk\tools;D:\软件;工具软件\apache-ant-1.9.4-bin\apache-ant-1.9.4\bin\;D:\软件\工具软件\Git\bin\;D:\SVN\bin;D:\sqlserver2008x86\100\Tools\Binn\VSShell\Common7\IDE\;D:\sqlserver2008x86\100\Tools\Binn\;D:\sqlserver2008\100\Tools\Binn\;D:\sqlserver2008x86\100\DTS\Binn\;D:\sqlserver2008\100\DTS\Binn\;G:\gradle-2.2.1-all\gradle-2.2.1\bin\;E:\实验室\opencv\build\x64\vc10\bin\;E:\实验室\opencv\build\x86\vc10\bin\;C:\Program Files\TortoiseGit\bin;D:\matlab2015\runtime\win64;D:\matlab2015\bin;D:\matlab2015\polyspace\bin;D:\less;D:\nodejs\;D:\java-jdk;D:\java-jdk\lib;D:\java-jdk\bin;C:\Program Files (x86)\Java\jdk1.7.0_40\bin;D:\python27;C:\Program Files (x86)\IDM Computer Solutions\UltraEdit\;C:\Program Files (x86)\MaShang6\bin;C:\Users\wym\AppData\Roaming\npm
10 verbose lifecycle vue-PoemAndTravel@1.0.0~dev: CWD: E:\诗画旅游\poemByVue1x
11 silly lifecycle vue-PoemAndTravel@1.0.0~dev: Args: [ '/d /s /c',
11 silly lifecycle   'webpack-dev-server --inline --hot --no-info --host 0.0.0.0' ]
12 silly lifecycle vue-PoemAndTravel@1.0.0~dev: Returned: code: 1  signal: null
13 info lifecycle vue-PoemAndTravel@1.0.0~dev: Failed to exec dev script
14 verbose stack Error: vue-PoemAndTravel@1.0.0 dev: `webpack-dev-server --inline --hot --no-info --host 0.0.0.0`
14 verbose stack Exit status 1
14 verbose stack     at EventEmitter.<anonymous> (D:\nodejs\node_modules\npm\lib\utils\lifecycle.js:232:16)
14 verbose stack     at emitTwo (events.js:100:13)
14 verbose stack     at EventEmitter.emit (events.js:185:7)
14 verbose stack     at ChildProcess.<anonymous> (D:\nodejs\node_modules\npm\lib\utils\spawn.js:24:14)
14 verbose stack     at emitTwo (events.js:100:13)
14 verbose stack     at ChildProcess.emit (events.js:185:7)
14 verbose stack     at maybeClose (internal/child_process.js:827:16)
14 verbose stack     at Process.ChildProcess._handle.onexit (internal/child_process.js:211:5)
15 verbose pkgid vue-PoemAndTravel@1.0.0
16 verbose cwd E:\诗画旅游\poemByVue1x\src
17 error Windows_NT 6.1.7601
18 error argv "D:\\nodejs\\node.exe" "D:\\nodejs\\node_modules\\npm\\bin\\npm-cli.js" "run" "dev"
19 error node v5.7.0
20 error npm  v3.6.0
21 error code ELIFECYCLE
22 error vue-PoemAndTravel@1.0.0 dev: `webpack-dev-server --inline --hot --no-info --host 0.0.0.0`
22 error Exit status 1
23 error Failed at the vue-PoemAndTravel@1.0.0 dev script 'webpack-dev-server --inline --hot --no-info --host 0.0.0.0'.
23 error Make sure you have the latest version of node.js and npm installed.
23 error If you do, this is most likely a problem with the vue-PoemAndTravel package,
23 error not with npm itself.
23 error Tell the author that this fails on your system:
23 error     webpack-dev-server --inline --hot --no-info --host 0.0.0.0
23 error You can get information on how to open an issue for this project with:
23 error     npm bugs vue-PoemAndTravel
23 error Or if that isn't available, you can get their info via:
23 error     npm owner ls vue-PoemAndTravel
23 error There is likely additional logging output above.
24 verbose exit [ 1, true ]
